<?xml version="1.0" encoding="UTF-8"?>
<!-- Generated by org.testng.reporters.JUnitReportReporter -->
<testsuite skipped="1" hostname="MacBook-Pro-cua-Lai.local" name="Railway.Testcase14" tests="1" failures="0" timestamp="05 thg 1 2022 03:10:56 GMT" time="0.000" errors="0">
  <testcase name="TC14" time="0.000" classname="Railway.Testcase14">
    <skipped/>
  </testcase> <!-- TC14 -->
</testsuite> <!-- Railway.Testcase14 -->
